   Compiling ../../../../../hybridImage_test.cpp in debug mode
../../../../../hybridImage_test.cpp:7:25: fatal error: hybridImage.h: No such file or directory
compilation terminated.
make: *** [obj/hybridImage_test.o] Error 1
@E [SIM-1] CSim file generation failed: compilation error(s).
